<?xml version="1.0" encoding="UTF-8"?>
<!-- Generated by org.testng.reporters.JUnitReportReporter -->
<testsuite skipped="0" hostname="DESKTOP-J9QNK7O" name="com.tourism.testscript.Demo" tests="3" failures="0" timestamp="29 Nov 2022 14:43:05 GMT" time="0.016" errors="0">
  <testcase name="check" time="0.016" classname="com.tourism.testscript.Demo"/>
  <testcase name="find" time="0.000" classname="com.tourism.testscript.Demo"/>
  <testcase name="search" time="0.000" classname="com.tourism.testscript.Demo"/>
</testsuite> <!-- com.tourism.testscript.Demo -->
